Building documentation...
Initializing...
Merging XML documentation...
Building file mapping...
Loading XSLT files...
    namespace.xslt
    namespacehierarchy.xslt
    type.xslt
    typehierarchy.xslt
    allmembers.xslt
    individualmembers.xslt
    event.xslt
    member.xslt
    memberoverload.xslt
    property.xslt
    field.xslt
    htmlcontents.xslt
Generating HTML pages...
Kodama.Aop.Aspect.html
Kodama.Aop.AspectHierarchy.html
Kodama.Aop.Aspect.AspectImpl.html
Kodama.Aop.Aspect.AspectImplMembers.html
Kodama.Aop.Aspect.AspectImplConstructor.html
Kodama.Aop.Aspect.AspectImplProperties.html
Kodama.Aop.Aspect.AspectImpl.Interceptor.html
Kodama.Aop.Aspect.AspectImpl.Pointcut.html
Kodama.Aop.Aspect.IAspect.html
Kodama.Aop.Aspect.IAspectMembers.html
Kodama.Aop.Aspect.IAspectProperties.html
Kodama.Aop.Aspect.IAspect.Interceptor.html
Kodama.Aop.Aspect.IAspect.Pointcut.html
Kodama.Aop.Interceptor.html
Kodama.Aop.InterceptorHierarchy.html
Kodama.Aop.Interceptor.IConstructorInterceptor.html
Kodama.Aop.Interceptor.IConstructorInterceptorMembers.html
Kodama.Aop.Interceptor.IConstructorInterceptorMethods.html
Kodama.Aop.Interceptor.IConstructorInterceptor.Construct.html
Kodama.Aop.Interceptor.IInterceptor.html
Kodama.Aop.Interceptor.IMethodInterceptor.html
Kodama.Aop.Interceptor.IMethodInterceptorMembers.html
Kodama.Aop.Interceptor.IMethodInterceptorMethods.html
Kodama.Aop.Interceptor.IMethodInterceptor.Invoke.html
Kodama.Aop.Interceptor.Delegate.html
Kodama.Aop.Interceptor.DelegateHierarchy.html
Kodama.Aop.Interceptor.Delegate.DelegateInterceptor.html
Kodama.Aop.Interceptor.Delegate.DelegateInterceptorMembers.html
Kodama.Aop.Interceptor.Delegate.DelegateInterceptorConstructor.html
Kodama.Aop.Interceptor.Delegate.DelegateInterceptorMethods.html
Kodama.Aop.Interceptor.Delegate.DelegateInterceptor.Invoke.html
Kodama.Aop.Interceptor.Delegate.InterceptorHandler.html
Kodama.Aop.JoinPoint.html
Kodama.Aop.JoinPointHierarchy.html
Kodama.Aop.JoinPoint.ConstructorInvocation.html
Kodama.Aop.JoinPoint.ConstructorInvocationMembers.html
Kodama.Aop.JoinPoint.ConstructorInvocationProperties.html
Kodama.Aop.JoinPoint.ConstructorInvocation.Arguments.html
Kodama.Aop.JoinPoint.ConstructorInvocation.Message.html
Kodama.Aop.JoinPoint.ConstructorInvocation.Target.html
Kodama.Aop.JoinPoint.ConstructorInvocationMethods.html
Kodama.Aop.JoinPoint.ConstructorInvocation.FirstProceed.html
Kodama.Aop.JoinPoint.ConstructorInvocation.IsDefined.html
Kodama.Aop.JoinPoint.ConstructorInvocation.Proceed.html
Kodama.Aop.JoinPoint.IInvocation.html
Kodama.Aop.JoinPoint.IInvocationMembers.html
Kodama.Aop.JoinPoint.IInvocationProperties.html
Kodama.Aop.JoinPoint.IInvocation.Arguments.html
Kodama.Aop.JoinPoint.IInvocation.Target.html
Kodama.Aop.JoinPoint.IInvocationMethods.html
Kodama.Aop.JoinPoint.IInvocation.IsDefined.html
Kodama.Aop.JoinPoint.IJoinPoint.html
Kodama.Aop.JoinPoint.IJoinPointMembers.html
Kodama.Aop.JoinPoint.IJoinPointMethods.html
Kodama.Aop.JoinPoint.IJoinPoint.FirstProceed.html
Kodama.Aop.JoinPoint.IJoinPoint.Proceed.html
Kodama.Aop.JoinPoint.MethodInvocation.html
Kodama.Aop.JoinPoint.MethodInvocationMembers.html
Kodama.Aop.JoinPoint.MethodInvocationProperties.html
Kodama.Aop.JoinPoint.MethodInvocation.Arguments.html
Kodama.Aop.JoinPoint.MethodInvocation.Message.html
Kodama.Aop.JoinPoint.MethodInvocation.Target.html
Kodama.Aop.JoinPoint.MethodInvocationMethods.html
Kodama.Aop.JoinPoint.MethodInvocation.FirstProceed.html
Kodama.Aop.JoinPoint.MethodInvocation.IsDefined.html
Kodama.Aop.JoinPoint.MethodInvocation.Proceed.html
Kodama.Aop.Pointcut.html
Kodama.Aop.PointcutHierarchy.html
Kodama.Aop.Pointcut.IPointcut.html
Kodama.Aop.Pointcut.IPointcutMembers.html
Kodama.Aop.Pointcut.IPointcutMethods.html
Kodama.Aop.Pointcut.IPointcut.IsApplied.html
Kodama.Aop.Pointcut.Compose.html
Kodama.Aop.Pointcut.ComposeHierarchy.html
Kodama.Aop.Pointcut.Compose.ComposiblePointcut.html
Kodama.Aop.Pointcut.Compose.ComposiblePointcutHierarchy.html
Kodama.Aop.Pointcut.Compose.ComposiblePointcutMembers.html
Kodama.Aop.Pointcut.Compose.ComposiblePointcutConstructor.html
Kodama.Aop.Pointcut.Compose.ComposiblePointcutMethods.html
Kodama.Aop.Pointcut.Compose.ComposiblePointcut.IsApplied.html
Kodama.Aop.Pointcut.Compose.ComposiblePointcutOperators.html
Kodama.Aop.Pointcut.Compose.ComposiblePointcut.op_BitwiseAnd.html
Kodama.Aop.Pointcut.Compose.ComposiblePointcut.op_BitwiseOr.html
Kodama.Aop.Pointcut.Compose.ComposiblePointcut.op_LogicalNot.html
Kodama.Aop.Pointcut.Compose.Class.html
Kodama.Aop.Pointcut.Compose.ClassHierarchy.html
Kodama.Aop.Pointcut.Compose.Class.ClassAttributePointcut.html
Kodama.Aop.Pointcut.Compose.Class.ClassAttributePointcutMembers.html
Kodama.Aop.Pointcut.Compose.Class.ClassAttributePointcutConstructor.html
Kodama.Aop.Pointcut.Compose.Class.ClassAttributePointcutMethods.html
Kodama.Aop.Pointcut.Compose.Class.ClassAttributePointcut.IsApplied.html
Kodama.Aop.Pointcut.Compose.Class.ClassAttributePointcutOperators.html
Kodama.Aop.Pointcut.Compose.Class.ClassAttributePointcut.op_BitwiseAnd.html
Kodama.Aop.Pointcut.Compose.Class.ClassAttributePointcut.op_BitwiseOr.html
Kodama.Aop.Pointcut.Compose.Class.ClassAttributePointcut.op_LogicalNot.html
Kodama.Aop.Pointcut.Compose.Class.ClassNamePointcut.html
Kodama.Aop.Pointcut.Compose.Class.ClassNamePointcutMembers.html
Kodama.Aop.Pointcut.Compose.Class.ClassNamePointcutConstructor.html
Kodama.Aop.Pointcut.Compose.Class.ClassNamePointcutMethods.html
Kodama.Aop.Pointcut.Compose.Class.ClassNamePointcut.IsApplied.html
Kodama.Aop.Pointcut.Compose.Class.ClassNamePointcutOperators.html
Kodama.Aop.Pointcut.Compose.Class.ClassNamePointcut.op_BitwiseAnd.html
Kodama.Aop.Pointcut.Compose.Class.ClassNamePointcut.op_BitwiseOr.html
Kodama.Aop.Pointcut.Compose.Class.ClassNamePointcut.op_LogicalNot.html
Kodama.Aop.Pointcut.Compose.Delegate.html
Kodama.Aop.Pointcut.Compose.DelegateHierarchy.html
Kodama.Aop.Pointcut.Compose.Delegate.DelegatePointcut.html
Kodama.Aop.Pointcut.Compose.Delegate.DelegatePointcutMembers.html
Kodama.Aop.Pointcut.Compose.Delegate.DelegatePointcutConstructor.html
Kodama.Aop.Pointcut.Compose.Delegate.DelegatePointcutMethods.html
Kodama.Aop.Pointcut.Compose.Delegate.DelegatePointcut.IsApplied.html
Kodama.Aop.Pointcut.Compose.Delegate.DelegatePointcutOperators.html
Kodama.Aop.Pointcut.Compose.Delegate.DelegatePointcut.op_BitwiseAnd.html
Kodama.Aop.Pointcut.Compose.Delegate.DelegatePointcut.op_BitwiseOr.html
Kodama.Aop.Pointcut.Compose.Delegate.DelegatePointcut.op_LogicalNot.html
Kodama.Aop.Pointcut.Compose.Delegate.PointcutHandler.html
Kodama.Aop.Pointcut.Compose.Method.html
Kodama.Aop.Pointcut.Compose.MethodHierarchy.html
Kodama.Aop.Pointcut.Compose.Method.MethodAttributePointcut.html
Kodama.Aop.Pointcut.Compose.Method.MethodAttributePointcutMembers.html
Kodama.Aop.Pointcut.Compose.Method.MethodAttributePointcutConstructor.html
Kodama.Aop.Pointcut.Compose.Method.MethodAttributePointcutMethods.html
Kodama.Aop.Pointcut.Compose.Method.MethodAttributePointcut.IsApplied.html
Kodama.Aop.Pointcut.Compose.Method.MethodAttributePointcutOperators.html
Kodama.Aop.Pointcut.Compose.Method.MethodAttributePointcut.op_BitwiseAnd.html
Kodama.Aop.Pointcut.Compose.Method.MethodAttributePointcut.op_BitwiseOr.html
Kodama.Aop.Pointcut.Compose.Method.MethodAttributePointcut.op_LogicalNot.html
Kodama.Aop.Pointcut.Compose.Method.MethodNamePointcut.html
Kodama.Aop.Pointcut.Compose.Method.MethodNamePointcutMembers.html
Kodama.Aop.Pointcut.Compose.Method.MethodNamePointcutConstructor.html
Kodama.Aop.Pointcut.Compose.Method.MethodNamePointcutMethods.html
Kodama.Aop.Pointcut.Compose.Method.MethodNamePointcut.IsApplied.html
Kodama.Aop.Pointcut.Compose.Method.MethodNamePointcutOperators.html
Kodama.Aop.Pointcut.Compose.Method.MethodNamePointcut.op_BitwiseAnd.html
Kodama.Aop.Pointcut.Compose.Method.MethodNamePointcut.op_BitwiseOr.html
Kodama.Aop.Pointcut.Compose.Method.MethodNamePointcut.op_LogicalNot.html
Kodama.Aop.Pointcut.Compose.Operator.html
Kodama.Aop.Pointcut.Compose.OperatorHierarchy.html
Kodama.Aop.Pointcut.Compose.Operator.AndPointcut.html
Kodama.Aop.Pointcut.Compose.Operator.AndPointcutMembers.html
Kodama.Aop.Pointcut.Compose.Operator.AndPointcutConstructor.html
Kodama.Aop.Pointcut.Compose.Operator.AndPointcutMethods.html
Kodama.Aop.Pointcut.Compose.Operator.AndPointcut.IsApplied.html
Kodama.Aop.Pointcut.Compose.Operator.AndPointcutOperators.html
Kodama.Aop.Pointcut.Compose.Operator.AndPointcut.op_BitwiseAnd.html
Kodama.Aop.Pointcut.Compose.Operator.AndPointcut.op_BitwiseOr.html
Kodama.Aop.Pointcut.Compose.Operator.AndPointcut.op_LogicalNot.html
Kodama.Aop.Pointcut.Compose.Operator.NotPointcut.html
Kodama.Aop.Pointcut.Compose.Operator.NotPointcutMembers.html
Kodama.Aop.Pointcut.Compose.Operator.NotPointcutConstructor.html
Kodama.Aop.Pointcut.Compose.Operator.NotPointcutMethods.html
Kodama.Aop.Pointcut.Compose.Operator.NotPointcut.IsApplied.html
Kodama.Aop.Pointcut.Compose.Operator.NotPointcutOperators.html
Kodama.Aop.Pointcut.Compose.Operator.NotPointcut.op_BitwiseAnd.html
Kodama.Aop.Pointcut.Compose.Operator.NotPointcut.op_BitwiseOr.html
Kodama.Aop.Pointcut.Compose.Operator.NotPointcut.op_LogicalNot.html
Kodama.Aop.Pointcut.Compose.Operator.OrPointcut.html
Kodama.Aop.Pointcut.Compose.Operator.OrPointcutMembers.html
Kodama.Aop.Pointcut.Compose.Operator.OrPointcutConstructor.html
Kodama.Aop.Pointcut.Compose.Operator.OrPointcutMethods.html
Kodama.Aop.Pointcut.Compose.Operator.OrPointcut.IsApplied.html
Kodama.Aop.Pointcut.Compose.Operator.OrPointcutOperators.html
Kodama.Aop.Pointcut.Compose.Operator.OrPointcut.op_BitwiseAnd.html
Kodama.Aop.Pointcut.Compose.Operator.OrPointcut.op_BitwiseOr.html
Kodama.Aop.Pointcut.Compose.Operator.OrPointcut.op_LogicalNot.html
Kodama.Aop.Weaver.html
Kodama.Aop.WeaverHierarchy.html
Kodama.Aop.Weaver.AspectTargetAttribute.html
Kodama.Aop.Weaver.AspectTargetAttributeMembers.html
Kodama.Aop.Weaver.AspectTargetAttributeConstructor.html
Kodama.Aop.Weaver.AspectTargetAttributeMethods.html
Kodama.Aop.Weaver.AspectTargetAttribute.GetPropertiesForNewContext.html
Kodama.Aop.Weaver.AspectWeaver.html
Kodama.Aop.Weaver.AspectWeaverMembers.html
Kodama.Aop.Weaver.AspectWeaverMethods.html
Kodama.Aop.Weaver.AspectWeaver.GetAspects.html
Kodama.Aop.Weaver.AspectWeaver.Instance.html
Kodama.Aop.Weaver.AspectWeaver.Register.html
Kodama.Aop.Weaver.CanNotWeaveAspectException.html
Kodama.Aop.Weaver.CanNotWeaveAspectExceptionMembers.html
Kodama.Aop.Weaver.CanNotWeaveAspectExceptionConstructor.html
Kodama.BootLoader.html
Kodama.BootLoaderHierarchy.html
Kodama.BootLoader.StandAloneBootLoader.html
Kodama.BootLoader.StandAloneBootLoaderMembers.html
Kodama.BootLoader.StandAloneBootLoaderConstructor.html
Kodama.BootLoader.Schema.html
Kodama.BootLoader.SchemaHierarchy.html
Kodama.BootLoader.Schema.referenceAssembly.html
Kodama.BootLoader.Schema.referenceAssemblyMembers.html
Kodama.BootLoader.Schema.referenceAssemblyConstructor.html
Kodama.BootLoader.Schema.referenceAssemblyFields.html
Kodama.BootLoader.Schema.referenceAssembly.Items.html
Kodama.BootLoader.Schema.referenceAssemblyAssembly.html
Kodama.BootLoader.Schema.referenceAssemblyAssemblyMembers.html
Kodama.BootLoader.Schema.referenceAssemblyAssemblyConstructor.html
Kodama.BootLoader.Schema.referenceAssemblyAssemblyFields.html
Kodama.BootLoader.Schema.referenceAssemblyAssembly.name.html
Kodama.DbC.Constraint.html
Kodama.DbC.ConstraintHierarchy.html
Kodama.DbC.Constraint.ConstraintInterceptor.html
Kodama.DbC.Constraint.ConstraintInterceptorMembers.html
Kodama.DbC.Constraint.ConstraintInterceptorConstructor.html
Kodama.DbC.Constraint.ConstraintInterceptorMethods.html
Kodama.DbC.Constraint.ConstraintInterceptor.Invoke.html
Kodama.DependencyInjection.Builder.html
Kodama.DependencyInjection.BuilderHierarchy.html
Kodama.DependencyInjection.Builder.AutoComponentContainerBuilder.html
Kodama.DependencyInjection.Builder.AutoComponentContainerBuilderMembers.html
Kodama.DependencyInjection.Builder.AutoComponentContainerBuilderConstructor.html
Kodama.DependencyInjection.Builder.AutoComponentContainerBuilderProperties.html
Kodama.DependencyInjection.Builder.AutoComponentContainerBuilder.ComponentCategory.html
Kodama.DependencyInjection.Builder.AutoComponentContainerBuilderMethods.html
Kodama.DependencyInjection.Builder.AutoComponentContainerBuilder.AddAssemblyFile_overloads.html
Kodama.DependencyInjection.Builder.AutoComponentContainerBuilder.AddAssemblyFile_overload_1.html
Kodama.DependencyInjection.Builder.AutoComponentContainerBuilder.AddAssemblyFile_overload_2.html
Kodama.DependencyInjection.Builder.AutoComponentContainerBuilder.AddAssemblyFolder.html
Kodama.DependencyInjection.Builder.AutoComponentContainerBuilder.Build.html
Kodama.DependencyInjection.Builder.AutoComponentContainerBuilder.RemotingConfigure.html
Kodama.DependencyInjection.Builder.ComponentContainerFactoryAttribute.html
Kodama.DependencyInjection.Builder.ComponentContainerFactoryAttributeMembers.html
Kodama.DependencyInjection.Builder.ComponentContainerFactoryAttributeConstructor.html
Kodama.DependencyInjection.Builder.FactoryNotFoundException.html
Kodama.DependencyInjection.Builder.FactoryNotFoundExceptionMembers.html
Kodama.DependencyInjection.Builder.FactoryNotFoundExceptionConstructor.html
Kodama.DependencyInjection.Builder.IComponentContainerBuilder.html
Kodama.DependencyInjection.Builder.IComponentContainerBuilderMembers.html
Kodama.DependencyInjection.Builder.IComponentContainerBuilderMethods.html
Kodama.DependencyInjection.Builder.IComponentContainerBuilder.Build.html
Kodama.DependencyInjection.Builder.ScriptComponentContainerBuilder.html
Kodama.DependencyInjection.Builder.ScriptComponentContainerBuilderMembers.html
Kodama.DependencyInjection.Builder.ScriptComponentContainerBuilderConstructor.html
Kodama.DependencyInjection.Builder.ScriptComponentContainerBuilderProperties.html
Kodama.DependencyInjection.Builder.ScriptComponentContainerBuilder.Script.html
Kodama.DependencyInjection.Builder.ScriptComponentContainerBuilderMethods.html
Kodama.DependencyInjection.Builder.ScriptComponentContainerBuilder.AddReference.html
Kodama.DependencyInjection.Builder.ScriptComponentContainerBuilder.Build.html
Kodama.DependencyInjection.Builder.XmlComponentContainerBuilder.html
Kodama.DependencyInjection.Builder.XmlComponentContainerBuilderMembers.html
Kodama.DependencyInjection.Builder.XmlComponentContainerBuilderConstructor.html
Kodama.DependencyInjection.Builder.XmlComponentContainerBuilderMethods.html
Kodama.DependencyInjection.Builder.XmlComponentContainerBuilder.Build.html
Kodama.DependencyInjection.Builder.Schema.html
Kodama.DependencyInjection.Builder.SchemaHierarchy.html
Kodama.DependencyInjection.Builder.Schema.aspectType.html
Kodama.DependencyInjection.Builder.Schema.aspectTypeMembers.html
Kodama.DependencyInjection.Builder.Schema.aspectTypeConstructor.html
Kodama.DependencyInjection.Builder.Schema.aspectTypeFields.html
Kodama.DependencyInjection.Builder.Schema.aspectType.classFilter.html
Kodama.DependencyInjection.Builder.Schema.aspectType.classFilterType.html
Kodama.DependencyInjection.Builder.Schema.aspectType.interceptor.html
Kodama.DependencyInjection.Builder.Schema.aspectType.methodFilter.html
Kodama.DependencyInjection.Builder.Schema.aspectType.methodFilterType.html
Kodama.DependencyInjection.Builder.Schema.componentAspectType.html
Kodama.DependencyInjection.Builder.Schema.componentAspectTypeMembers.html
Kodama.DependencyInjection.Builder.Schema.componentAspectTypeConstructor.html
Kodama.DependencyInjection.Builder.Schema.componentAspectTypeFields.html
Kodama.DependencyInjection.Builder.Schema.componentAspectType.interceptor.html
Kodama.DependencyInjection.Builder.Schema.componentAspectType.methodFilter.html
Kodama.DependencyInjection.Builder.Schema.componentAspectType.methodFilterType.html
Kodama.DependencyInjection.Builder.Schema.componentConfig.html
Kodama.DependencyInjection.Builder.Schema.componentConfigMembers.html
Kodama.DependencyInjection.Builder.Schema.componentConfigConstructor.html
Kodama.DependencyInjection.Builder.Schema.componentConfigFields.html
Kodama.DependencyInjection.Builder.Schema.componentConfig.Items.html
Kodama.DependencyInjection.Builder.Schema.componentConfigAssembly.html
Kodama.DependencyInjection.Builder.Schema.componentConfigAssemblyMembers.html
Kodama.DependencyInjection.Builder.Schema.componentConfigAssemblyConstructor.html
Kodama.DependencyInjection.Builder.Schema.componentConfigAssemblyFields.html
Kodama.DependencyInjection.Builder.Schema.componentConfigAssembly.name.html
Kodama.DependencyInjection.Builder.Schema.componentConfigAutoDiscovery.html
Kodama.DependencyInjection.Builder.Schema.componentConfigAutoDiscoveryMembers.html
Kodama.DependencyInjection.Builder.Schema.componentConfigAutoDiscoveryConstructor.html
Kodama.DependencyInjection.Builder.Schema.componentConfigAutoDiscoveryFields.html
Kodama.DependencyInjection.Builder.Schema.componentConfigAutoDiscovery.category.html
Kodama.DependencyInjection.Builder.Schema.componentConfigAutoDiscovery.Items.html
Kodama.DependencyInjection.Builder.Schema.componentConfigAutoDiscoverySearchPath.html
Kodama.DependencyInjection.Builder.Schema.componentConfigAutoDiscoverySearchPathMembers.html
Kodama.DependencyInjection.Builder.Schema.componentConfigAutoDiscoverySearchPathConstructor.html
Kodama.DependencyInjection.Builder.Schema.componentConfigAutoDiscoverySearchPathFields.html
Kodama.DependencyInjection.Builder.Schema.componentConfigAutoDiscoverySearchPath.path.html
Kodama.DependencyInjection.Builder.Schema.componentConfigComponent.html
Kodama.DependencyInjection.Builder.Schema.componentConfigComponentMembers.html
Kodama.DependencyInjection.Builder.Schema.componentConfigComponentConstructor.html
Kodama.DependencyInjection.Builder.Schema.componentConfigComponentFields.html
Kodama.DependencyInjection.Builder.Schema.componentConfigComponent.class.html
Kodama.DependencyInjection.Builder.Schema.componentConfigComponent.instance.html
Kodama.DependencyInjection.Builder.Schema.componentConfigComponent.Items.html
Kodama.DependencyInjection.Builder.Schema.componentConfigComponent.name.html
Kodama.DependencyInjection.Builder.Schema.componentConfigComponent.primary.html
Kodama.DependencyInjection.Builder.Schema.componentConfigComponentInitialize.html
Kodama.DependencyInjection.Builder.Schema.componentConfigComponentInitializeMembers.html
Kodama.DependencyInjection.Builder.Schema.componentConfigComponentInitializeConstructor.html
Kodama.DependencyInjection.Builder.Schema.componentConfigComponentInitializeFields.html
Kodama.DependencyInjection.Builder.Schema.componentConfigComponentInitialize.argument.html
Kodama.DependencyInjection.Builder.Schema.componentConfigComponentInitialize.name.html
Kodama.DependencyInjection.Builder.Schema.componentConfigComponentMethod.html
Kodama.DependencyInjection.Builder.Schema.componentConfigComponentMethodMembers.html
Kodama.DependencyInjection.Builder.Schema.componentConfigComponentMethodConstructor.html
Kodama.DependencyInjection.Builder.Schema.componentConfigComponentMethodFields.html
Kodama.DependencyInjection.Builder.Schema.componentConfigComponentMethod.argument.html
Kodama.DependencyInjection.Builder.Schema.componentConfigComponentMethod.name.html
Kodama.DependencyInjection.Builder.Schema.componentConfigInclude.html
Kodama.DependencyInjection.Builder.Schema.componentConfigIncludeMembers.html
Kodama.DependencyInjection.Builder.Schema.componentConfigIncludeConstructor.html
Kodama.DependencyInjection.Builder.Schema.componentConfigIncludeFields.html
Kodama.DependencyInjection.Builder.Schema.componentConfigInclude.path.html
Kodama.DependencyInjection.Builder.Schema.componentConfigRemotingConfig.html
Kodama.DependencyInjection.Builder.Schema.componentConfigRemotingConfigMembers.html
Kodama.DependencyInjection.Builder.Schema.componentConfigRemotingConfigConstructor.html
Kodama.DependencyInjection.Builder.Schema.componentConfigRemotingConfigFields.html
Kodama.DependencyInjection.Builder.Schema.componentConfigRemotingConfig.path.html
Kodama.DependencyInjection.Builder.Schema.filterType.html
Kodama.DependencyInjection.Builder.Schema.initializerArgument.html
Kodama.DependencyInjection.Builder.Schema.initializerArgumentMembers.html
Kodama.DependencyInjection.Builder.Schema.initializerArgumentConstructor.html
Kodama.DependencyInjection.Builder.Schema.initializerArgumentFields.html
Kodama.DependencyInjection.Builder.Schema.initializerArgument.Item.html
Kodama.DependencyInjection.Builder.Schema.injectorArgument.html
Kodama.DependencyInjection.Builder.Schema.injectorArgumentMembers.html
Kodama.DependencyInjection.Builder.Schema.injectorArgumentConstructor.html
Kodama.DependencyInjection.Builder.Schema.injectorArgumentFields.html
Kodama.DependencyInjection.Builder.Schema.injectorArgument.Item.html
Kodama.DependencyInjection.Builder.Schema.injectorArgumentInjectionName.html
Kodama.DependencyInjection.Builder.Schema.injectorArgumentInjectionNameMembers.html
Kodama.DependencyInjection.Builder.Schema.injectorArgumentInjectionNameConstructor.html
Kodama.DependencyInjection.Builder.Schema.injectorArgumentInjectionNameFields.html
Kodama.DependencyInjection.Builder.Schema.injectorArgumentInjectionName.name.html
Kodama.DependencyInjection.Builder.Schema.injectorArgumentInjectionType.html
Kodama.DependencyInjection.Builder.Schema.injectorArgumentInjectionTypeMembers.html
Kodama.DependencyInjection.Builder.Schema.injectorArgumentInjectionTypeConstructor.html
Kodama.DependencyInjection.Builder.Schema.injectorArgumentInjectionTypeFields.html
Kodama.DependencyInjection.Builder.Schema.injectorArgumentInjectionType.class.html
Kodama.DependencyInjection.Builder.Schema.instanceType.html
Kodama.DependencyInjection.Component.html
Kodama.DependencyInjection.ComponentHierarchy.html
Kodama.DependencyInjection.Component.IArgumentComponentProvider.html
Kodama.DependencyInjection.Component.IArgumentComponentProviderMembers.html
Kodama.DependencyInjection.Component.IArgumentComponentProviderProperties.html
Kodama.DependencyInjection.Component.IArgumentComponentProvider.ComponentContainer.html
Kodama.DependencyInjection.Component.IArgumentComponentProvider.ComponentEntry.html
Kodama.DependencyInjection.Component.IArgumentComponentProvider.ComponentName.html
Kodama.DependencyInjection.Component.IArgumentComponentProvider.ComponentType.html
Kodama.DependencyInjection.Component.IComponentEntry.html
Kodama.DependencyInjection.Component.IComponentEntryMembers.html
Kodama.DependencyInjection.Component.IComponentEntryProperties.html
Kodama.DependencyInjection.Component.IComponentEntry.ComponentName.html
Kodama.DependencyInjection.Component.IComponentEntry.ComponentType.html
Kodama.DependencyInjection.Component.IComponentEntry.InjectionConstructor.html
Kodama.DependencyInjection.Component.IComponentEntryMethods.html
Kodama.DependencyInjection.Component.IComponentEntry.AddInitializationFactor.html
Kodama.DependencyInjection.Component.IComponentEntry.AddInjectionFanctor.html
Kodama.DependencyInjection.Component.IComponentEntry.Discard.html
Kodama.DependencyInjection.Component.IComponentEntry.GetDependencies.html
Kodama.DependencyInjection.Component.IComponentEntry.GetInstance.html
Kodama.DependencyInjection.Component.NamedArgumentComponentProvider.html
Kodama.DependencyInjection.Component.NamedArgumentComponentProviderMembers.html
Kodama.DependencyInjection.Component.NamedArgumentComponentProviderConstructor.html
Kodama.DependencyInjection.Component.NamedArgumentComponentProviderProperties.html
Kodama.DependencyInjection.Component.NamedArgumentComponentProvider.ComponentContainer.html
Kodama.DependencyInjection.Component.NamedArgumentComponentProvider.ComponentEntry.html
Kodama.DependencyInjection.Component.NamedArgumentComponentProvider.ComponentName.html
Kodama.DependencyInjection.Component.NamedArgumentComponentProvider.ComponentType.html
Kodama.DependencyInjection.Component.NamedArgumentComponentProviderMethods.html
Kodama.DependencyInjection.Component.NamedArgumentComponentProvider.Provide.html
Kodama.DependencyInjection.Component.OuterComponentEntry.html
Kodama.DependencyInjection.Component.OuterComponentEntryMembers.html
Kodama.DependencyInjection.Component.OuterComponentEntryConstructor.html
Kodama.DependencyInjection.Component.OuterComponentEntryConstructor1.html
Kodama.DependencyInjection.Component.OuterComponentEntryConstructor2.html
Kodama.DependencyInjection.Component.OuterComponentEntryProperties.html
Kodama.DependencyInjection.Component.OuterComponentEntry.ComponentName.html
Kodama.DependencyInjection.Component.OuterComponentEntry.ComponentType.html
Kodama.DependencyInjection.Component.OuterComponentEntry.InjectionConstructor.html
Kodama.DependencyInjection.Component.OuterComponentEntryMethods.html
Kodama.DependencyInjection.Component.OuterComponentEntry.AddInitializationFactor.html
Kodama.DependencyInjection.Component.OuterComponentEntry.AddInjectionFanctor.html
Kodama.DependencyInjection.Component.OuterComponentEntry.Discard.html
Kodama.DependencyInjection.Component.OuterComponentEntry.GetDependencies.html
Kodama.DependencyInjection.Component.OuterComponentEntry.GetInstance.html
Kodama.DependencyInjection.Component.PrototypeComponentEntry.html
Kodama.DependencyInjection.Component.PrototypeComponentEntryMembers.html
Kodama.DependencyInjection.Component.PrototypeComponentEntryConstructor.html
Kodama.DependencyInjection.Component.PrototypeComponentEntryConstructor1.html
Kodama.DependencyInjection.Component.PrototypeComponentEntryConstructor2.html
Kodama.DependencyInjection.Component.PrototypeComponentEntryProperties.html
Kodama.DependencyInjection.Component.PrototypeComponentEntry.ComponentName.html
Kodama.DependencyInjection.Component.PrototypeComponentEntry.ComponentType.html
Kodama.DependencyInjection.Component.PrototypeComponentEntry.InjectionConstructor.html
Kodama.DependencyInjection.Component.PrototypeComponentEntryMethods.html
Kodama.DependencyInjection.Component.PrototypeComponentEntry.AddInitializationFactor.html
Kodama.DependencyInjection.Component.PrototypeComponentEntry.AddInjectionFanctor.html
Kodama.DependencyInjection.Component.PrototypeComponentEntry.Discard.html
Kodama.DependencyInjection.Component.PrototypeComponentEntry.GetDependencies.html
Kodama.DependencyInjection.Component.PrototypeComponentEntry.GetInstance.html
Kodama.DependencyInjection.Component.SingletonComponentEntry.html
Kodama.DependencyInjection.Component.SingletonComponentEntryMembers.html
Kodama.DependencyInjection.Component.SingletonComponentEntryConstructor.html
Kodama.DependencyInjection.Component.SingletonComponentEntryConstructor1.html
Kodama.DependencyInjection.Component.SingletonComponentEntryConstructor2.html
Kodama.DependencyInjection.Component.SingletonComponentEntryProperties.html
Kodama.DependencyInjection.Component.SingletonComponentEntry.ComponentName.html
Kodama.DependencyInjection.Component.SingletonComponentEntry.ComponentType.html
Kodama.DependencyInjection.Component.SingletonComponentEntry.InjectionConstructor.html
Kodama.DependencyInjection.Component.SingletonComponentEntryMethods.html
Kodama.DependencyInjection.Component.SingletonComponentEntry.AddInitializationFactor.html
Kodama.DependencyInjection.Component.SingletonComponentEntry.AddInjectionFanctor.html
Kodama.DependencyInjection.Component.SingletonComponentEntry.Discard.html
Kodama.DependencyInjection.Component.SingletonComponentEntry.GetDependencies.html
Kodama.DependencyInjection.Component.SingletonComponentEntry.GetInstance.html
Kodama.DependencyInjection.Component.TypedArgumentComponentProvider.html
Kodama.DependencyInjection.Component.TypedArgumentComponentProviderMembers.html
Kodama.DependencyInjection.Component.TypedArgumentComponentProviderConstructor.html
Kodama.DependencyInjection.Component.TypedArgumentComponentProviderProperties.html
Kodama.DependencyInjection.Component.TypedArgumentComponentProvider.ComponentContainer.html
Kodama.DependencyInjection.Component.TypedArgumentComponentProvider.ComponentEntry.html
Kodama.DependencyInjection.Component.TypedArgumentComponentProvider.ComponentName.html
Kodama.DependencyInjection.Component.TypedArgumentComponentProvider.ComponentType.html
Kodama.DependencyInjection.Component.TypedArgumentComponentProviderMethods.html
Kodama.DependencyInjection.Component.TypedArgumentComponentProvider.Provide.html
Kodama.DependencyInjection.Container.html
Kodama.DependencyInjection.ContainerHierarchy.html
Kodama.DependencyInjection.Container.ComponentContainerImpl.html
Kodama.DependencyInjection.Container.ComponentContainerImplMembers.html
Kodama.DependencyInjection.Container.ComponentContainerImplConstructor.html
Kodama.DependencyInjection.Container.ComponentContainerImplMethods.html
Kodama.DependencyInjection.Container.ComponentContainerImpl.AddChild.html
Kodama.DependencyInjection.Container.ComponentContainerImpl.Contains_overloads.html
Kodama.DependencyInjection.Container.ComponentContainerImpl.Contains_overload_1.html
Kodama.DependencyInjection.Container.ComponentContainerImpl.Contains_overload_2.html
Kodama.DependencyInjection.Container.ComponentContainerImpl.Discard.html
Kodama.DependencyInjection.Container.ComponentContainerImpl.GetChildren.html
Kodama.DependencyInjection.Container.ComponentContainerImpl.GetComponent_overloads.html
Kodama.DependencyInjection.Container.ComponentContainerImpl.GetComponent_overload_1.html
Kodama.DependencyInjection.Container.ComponentContainerImpl.GetComponent_overload_2.html
Kodama.DependencyInjection.Container.ComponentContainerImpl.GetComponentEntry_overloads.html
Kodama.DependencyInjection.Container.ComponentContainerImpl.GetComponentEntry_overload_1.html
Kodama.DependencyInjection.Container.ComponentContainerImpl.GetComponentEntry_overload_2.html
Kodama.DependencyInjection.Container.ComponentContainerImpl.Register_overloads.html
Kodama.DependencyInjection.Container.ComponentContainerImpl.Register_overload_4.html
Kodama.DependencyInjection.Container.ComponentContainerImpl.Register_overload_6.html
Kodama.DependencyInjection.Container.ComponentContainerImpl.Register_overload_1.html
Kodama.DependencyInjection.Container.ComponentContainerImpl.Register_overload_5.html
Kodama.DependencyInjection.Container.ComponentContainerImpl.Register_overload_3.html
Kodama.DependencyInjection.Container.ComponentContainerImpl.Register_overload_2.html
Kodama.DependencyInjection.Container.ComponentContainerImpl.RegisterInstance_overloads.html
Kodama.DependencyInjection.Container.ComponentContainerImpl.RegisterInstance_overload_4.html
Kodama.DependencyInjection.Container.ComponentContainerImpl.RegisterInstance_overload_3.html
Kodama.DependencyInjection.Container.ComponentContainerImpl.RegisterInstance_overload_2.html
Kodama.DependencyInjection.Container.ComponentContainerImpl.RegisterInstance_overload_1.html
Kodama.DependencyInjection.Container.ComponentNotFoundException.html
Kodama.DependencyInjection.Container.ComponentNotFoundExceptionMembers.html
Kodama.DependencyInjection.Container.ComponentNotFoundExceptionConstructor.html
Kodama.DependencyInjection.Container.CyclicDependencyException.html
Kodama.DependencyInjection.Container.CyclicDependencyExceptionMembers.html
Kodama.DependencyInjection.Container.CyclicDependencyExceptionConstructor.html
Kodama.DependencyInjection.Container.IComponentContainer.html
Kodama.DependencyInjection.Container.IComponentContainerMembers.html
Kodama.DependencyInjection.Container.IComponentContainerMethods.html
Kodama.DependencyInjection.Container.IComponentContainer.Contains_overloads.html
Kodama.DependencyInjection.Container.IComponentContainer.Contains_overload_1.html
Kodama.DependencyInjection.Container.IComponentContainer.Contains_overload_2.html
Kodama.DependencyInjection.Container.IComponentContainer.GetChildren.html
Kodama.DependencyInjection.Container.IComponentContainer.GetComponent_overloads.html
Kodama.DependencyInjection.Container.IComponentContainer.GetComponent_overload_1.html
Kodama.DependencyInjection.Container.IComponentContainer.GetComponent_overload_2.html
Kodama.DependencyInjection.Container.IComponentContainer.GetComponentEntry_overloads.html
Kodama.DependencyInjection.Container.IComponentContainer.GetComponentEntry_overload_1.html
Kodama.DependencyInjection.Container.IComponentContainer.GetComponentEntry_overload_2.html
Kodama.DependencyInjection.Container.IMutableComponentContainer.html
Kodama.DependencyInjection.Container.IMutableComponentContainerMembers.html
Kodama.DependencyInjection.Container.IMutableComponentContainerMethods.html
Kodama.DependencyInjection.Container.IMutableComponentContainer.AddChild.html
Kodama.DependencyInjection.Container.IMutableComponentContainer.Discard.html
Kodama.DependencyInjection.Container.IMutableComponentContainer.Register_overloads.html
Kodama.DependencyInjection.Container.IMutableComponentContainer.Register_overload_4.html
Kodama.DependencyInjection.Container.IMutableComponentContainer.Register_overload_6.html
Kodama.DependencyInjection.Container.IMutableComponentContainer.Register_overload_1.html
Kodama.DependencyInjection.Container.IMutableComponentContainer.Register_overload_5.html
Kodama.DependencyInjection.Container.IMutableComponentContainer.Register_overload_3.html
Kodama.DependencyInjection.Container.IMutableComponentContainer.Register_overload_2.html
Kodama.DependencyInjection.Container.IMutableComponentContainer.RegisterInstance_overloads.html
Kodama.DependencyInjection.Container.IMutableComponentContainer.RegisterInstance_overload_4.html
Kodama.DependencyInjection.Container.IMutableComponentContainer.RegisterInstance_overload_3.html
Kodama.DependencyInjection.Container.IMutableComponentContainer.RegisterInstance_overload_2.html
Kodama.DependencyInjection.Container.IMutableComponentContainer.RegisterInstance_overload_1.html
Kodama.DependencyInjection.Container.TooManyRegistrationException.html
Kodama.DependencyInjection.Container.TooManyRegistrationExceptionMembers.html
Kodama.DependencyInjection.Container.TooManyRegistrationExceptionConstructor.html
Kodama.DependencyInjection.Loader.html
Kodama.DependencyInjection.LoaderHierarchy.html
Kodama.DependencyInjection.Loader.TypeLoader.html
Kodama.DependencyInjection.Loader.TypeLoaderMembers.html
Kodama.DependencyInjection.Loader.TypeLoaderConstructor.html
Kodama.DependencyInjection.Loader.TypeLoaderConstructor1.html
Kodama.DependencyInjection.Loader.TypeLoaderConstructor2.html
Kodama.DependencyInjection.Loader.TypeLoaderMethods.html
Kodama.DependencyInjection.Loader.TypeLoader.AddAssemblyFile.html
Kodama.DependencyInjection.Loader.TypeLoader.AddAssemblyFolder.html
Kodama.DependencyInjection.Loader.TypeLoader.AddChild.html
Kodama.DependencyInjection.Loader.TypeLoader.Dispose.html
Kodama.DependencyInjection.Loader.TypeLoader.LoadType.html
Kodama.DependencyInjection.Loader.TypeNotFoundException.html
Kodama.DependencyInjection.Loader.TypeNotFoundExceptionMembers.html
Kodama.DependencyInjection.Loader.TypeNotFoundExceptionConstructor.html
Kodama.DependencyInjection.Marker.html
Kodama.DependencyInjection.MarkerHierarchy.html
Kodama.DependencyInjection.Marker.AutoRegistrationAssemblyAttribute.html
Kodama.DependencyInjection.Marker.AutoRegistrationAssemblyAttributeMembers.html
Kodama.DependencyInjection.Marker.AutoRegistrationAssemblyAttributeConstructor.html
Kodama.DependencyInjection.Marker.AutoRegistratonComponentAttribute.html
Kodama.DependencyInjection.Marker.AutoRegistratonComponentAttributeMembers.html
Kodama.DependencyInjection.Marker.AutoRegistratonComponentAttributeConstructor.html
Kodama.DependencyInjection.Marker.AutoRegistratonComponentAttributeProperties.html
Kodama.DependencyInjection.Marker.AutoRegistratonComponentAttribute.ComponentCategory.html
Kodama.DependencyInjection.Marker.AutoRegistratonComponentAttribute.ComponentName.html
Kodama.DependencyInjection.Marker.AutoRegistratonComponentAttribute.InstanceMode.html
Kodama.DependencyInjection.Marker.AutoRegistratonComponentAttribute.InterfaceType.html
Kodama.DependencyInjection.Marker.AutoRegistratonComponentAttributeMethods.html
Kodama.DependencyInjection.Marker.AutoRegistratonComponentAttribute.Register.html
Kodama.DependencyInjection.Marker.ComponentInstanceMode.html
Kodama.DependencyInjection.Marker.ExplicitComponentAttribute.html
Kodama.DependencyInjection.Marker.ExplicitComponentAttributeMembers.html
Kodama.DependencyInjection.Marker.ExplicitComponentAttributeConstructor.html
Kodama.DependencyInjection.Marker.ExplicitComponentAttributeMethods.html
Kodama.DependencyInjection.Marker.ExplicitComponentAttribute.CreateProvider.html
Kodama.DependencyInjection.Marker.ExplicitComponentNameAttribute.html
Kodama.DependencyInjection.Marker.ExplicitComponentNameAttributeMembers.html
Kodama.DependencyInjection.Marker.ExplicitComponentNameAttributeConstructor.html
Kodama.DependencyInjection.Marker.ExplicitComponentNameAttributeProperties.html
Kodama.DependencyInjection.Marker.ExplicitComponentNameAttribute.ComponentName.html
Kodama.DependencyInjection.Marker.ExplicitComponentNameAttributeMethods.html
Kodama.DependencyInjection.Marker.ExplicitComponentNameAttribute.CreateProvider.html
Kodama.DependencyInjection.Marker.ExplicitComponentTypeAttribute.html
Kodama.DependencyInjection.Marker.ExplicitComponentTypeAttributeMembers.html
Kodama.DependencyInjection.Marker.ExplicitComponentTypeAttributeConstructor.html
Kodama.DependencyInjection.Marker.ExplicitComponentTypeAttributeProperties.html
Kodama.DependencyInjection.Marker.ExplicitComponentTypeAttribute.ComponentType.html
Kodama.DependencyInjection.Marker.ExplicitComponentTypeAttributeMethods.html
Kodama.DependencyInjection.Marker.ExplicitComponentTypeAttribute.CreateProvider.html
Kodama.DependencyInjection.Marker.InitializationPointAttribute.html
Kodama.DependencyInjection.Marker.InitializationPointAttributeMembers.html
Kodama.DependencyInjection.Marker.InitializationPointAttributeConstructor.html
Kodama.DependencyInjection.Marker.InjectionPointAttribute.html
Kodama.DependencyInjection.Marker.InjectionPointAttributeMembers.html
Kodama.DependencyInjection.Marker.InjectionPointAttributeConstructor.html
Kodama.DependencyInjection.Marker.InvlidComponentInstanceModeException.html
Kodama.DependencyInjection.Marker.InvlidComponentInstanceModeExceptionMembers.html
Kodama.DependencyInjection.Marker.InvlidComponentInstanceModeExceptionConstructor.html
Kodama.Function.Functor.html
Kodama.Function.FunctorHierarchy.html
Kodama.Function.Functor.DelegateFunctor.html
Kodama.Function.Functor.DelegateFunctorMembers.html
Kodama.Function.Functor.DelegateFunctorConstructor.html
Kodama.Function.Functor.DelegateFunctorMethods.html
Kodama.Function.Functor.DelegateFunctor.ConvertToDelegate.html
Kodama.Function.Functor.DelegateFunctor.Invoke_overloads.html
Kodama.Function.Functor.DelegateFunctor.Invoke_overload_1.html
Kodama.Function.Functor.DelegateFunctor.Invoke_overload_2.html
Kodama.Function.Functor.FunctorHandler.html
Kodama.Function.Functor.IFunctor.html
Kodama.Function.Functor.IFunctorMembers.html
Kodama.Function.Functor.IFunctorMethods.html
Kodama.Function.Functor.IFunctor.ConvertToDelegate.html
Kodama.Function.Functor.IFunctor.Invoke_overloads.html
Kodama.Function.Functor.IFunctor.Invoke_overload_1.html
Kodama.Function.Functor.IFunctor.Invoke_overload_2.html
Kodama.Function.Functor.UnmatchArgumentException.html
Kodama.Function.Functor.UnmatchArgumentExceptionMembers.html
Kodama.Function.Functor.UnmatchArgumentExceptionConstructor.html
Kodama.Function.Functor.UnmatchReturnTypeException.html
Kodama.Function.Functor.UnmatchReturnTypeExceptionMembers.html
Kodama.Function.Functor.UnmatchReturnTypeExceptionConstructor.html
Kodama.Function.Functor.Bind.html
Kodama.Function.Functor.BindHierarchy.html
Kodama.Function.Functor.Bind.BindFunctor.html
Kodama.Function.Functor.Bind.BindFunctorMembers.html
Kodama.Function.Functor.Bind.BindFunctorConstructor.html
Kodama.Function.Functor.Bind.BindFunctorMethods.html
Kodama.Function.Functor.Bind.BindFunctor.ConvertToDelegate.html
Kodama.Function.Functor.Bind.BindFunctor.GetBoundArguments.html
Kodama.Function.Functor.Bind.BindFunctor.Invoke_overloads.html
Kodama.Function.Functor.Bind.BindFunctor.Invoke_overload_1.html
Kodama.Function.Functor.Bind.BindFunctor.Invoke_overload_2.html
Kodama.Function.Functor.Bind.BindUtility.html
Kodama.Function.Functor.Bind.BindUtilityMembers.html
Kodama.Function.Functor.Bind.BindUtilityConstructor.html
Kodama.Function.Functor.Bind.BindUtilityMethods.html
Kodama.Function.Functor.Bind.BindUtility.CreateBindConstructor.html
Kodama.Function.Functor.Bind.BindUtility.CreateBindMember.html
Kodama.Function.Functor.Bind.IArgumentProvider.html
Kodama.Function.Functor.Bind.IArgumentProviderMembers.html
Kodama.Function.Functor.Bind.IArgumentProviderMethods.html
Kodama.Function.Functor.Bind.IArgumentProvider.Provide.html
Kodama.Function.Functor.Bind.NewOpArgumentProvider.html
Kodama.Function.Functor.Bind.NewOpArgumentProviderMembers.html
Kodama.Function.Functor.Bind.NewOpArgumentProviderConstructor.html
Kodama.Function.Functor.Bind.NewOpArgumentProviderMethods.html
Kodama.Function.Functor.Bind.NewOpArgumentProvider.Provide.html
Kodama.Function.Functor.Bind.NotBoundArgument.html
Kodama.Function.Functor.Bind.NotBoundArgumentMembers.html
Kodama.Function.Functor.Bind.NotBoundArgumentConstructor.html
Kodama.Function.Functor.Bind.NotBoundArgumentProperties.html
Kodama.Function.Functor.Bind.NotBoundArgument.Index.html
Kodama.Function.Functor.Member.html
Kodama.Function.Functor.MemberHierarchy.html
Kodama.Function.Functor.Member.ConstructorFunctor.html
Kodama.Function.Functor.Member.ConstructorFunctorMembers.html
Kodama.Function.Functor.Member.ConstructorFunctorConstructor.html
Kodama.Function.Functor.Member.ConstructorFunctorMethods.html
Kodama.Function.Functor.Member.ConstructorFunctor.ConvertToDelegate.html
Kodama.Function.Functor.Member.ConstructorFunctor.Invoke_overloads.html
Kodama.Function.Functor.Member.ConstructorFunctor.Invoke_overload_1.html
Kodama.Function.Functor.Member.ConstructorFunctor.Invoke_overload_2.html
Kodama.Function.Functor.Member.MemberFunctor.html
Kodama.Function.Functor.Member.MemberFunctorMembers.html
Kodama.Function.Functor.Member.MemberFunctorConstructor.html
Kodama.Function.Functor.Member.MemberFunctorMethods.html
Kodama.Function.Functor.Member.MemberFunctor.ConvertToDelegate.html
Kodama.Function.Functor.Member.MemberFunctor.Invoke_overloads.html
Kodama.Function.Functor.Member.MemberFunctor.Invoke_overload_1.html
Kodama.Function.Functor.Member.MemberFunctor.Invoke_overload_2.html
Kodama.Script.Engine.html
Kodama.Script.EngineHierarchy.html
Kodama.Script.Engine.CompileErrorException.html
Kodama.Script.Engine.CompileErrorExceptionMembers.html
Kodama.Script.Engine.CompileErrorExceptionConstructor.html
Kodama.Script.Engine.CompileErrorExceptionMethods.html
Kodama.Script.Engine.CompileErrorException.GetCompileErrorInfos.html
Kodama.Script.Engine.CompileErrorInfo.html
Kodama.Script.Engine.CompileErrorInfoMembers.html
Kodama.Script.Engine.CompileErrorInfoConstructor.html
Kodama.Script.Engine.CompileErrorInfoProperties.html
Kodama.Script.Engine.CompileErrorInfo.Description.html
Kodama.Script.Engine.CompileErrorInfo.ErrorLine.html
Kodama.Script.Engine.CompileErrorInfo.ErrorText.html
Kodama.Script.Engine.CompileErrorInfo.SourceName.html
Kodama.Script.Engine.IScriptEngine.html
Kodama.Script.Engine.IScriptEngineMembers.html
Kodama.Script.Engine.IScriptEngineProperties.html
Kodama.Script.Engine.IScriptEngine.GenerateDebugInfo.html
Kodama.Script.Engine.IScriptEngine.ScriptAssembly.html
Kodama.Script.Engine.IScriptEngineMethods.html
Kodama.Script.Engine.IScriptEngine.AddGlobalIntstance.html
Kodama.Script.Engine.IScriptEngine.AddReference.html
Kodama.Script.Engine.IScriptEngine.AddScriptCodeFromFile.html
Kodama.Script.Engine.IScriptEngine.AddScriptCodeFromText.html
Kodama.Script.Engine.IScriptEngine.Close.html
Kodama.Script.Engine.IScriptEngine.Compile.html
Kodama.Script.Engine.IScriptEngine.Run.html
Kodama.Script.Engine.IScriptEngine.Stop.html
Kodama.Script.Engine.NotCompiledException.html
Kodama.Script.Engine.NotCompiledExceptionMembers.html
Kodama.Script.Engine.NotCompiledExceptionConstructor.html
Kodama.Script.Engine.ScriptEntryPointAttribute.html
Kodama.Script.Engine.ScriptEntryPointAttributeMembers.html
Kodama.Script.Engine.ScriptEntryPointAttributeConstructor.html
Kodama.Script.Engine.ScriptEntryPointNotFoundException.html
Kodama.Script.Engine.ScriptEntryPointNotFoundExceptionMembers.html
Kodama.Script.Engine.ScriptEntryPointNotFoundExceptionConstructor.html
Kodama.Script.Engine.CodeDom.html
Kodama.Script.Engine.CodeDomHierarchy.html
Kodama.Script.Engine.CodeDom.CodeDomCompileErrorException.html
Kodama.Script.Engine.CodeDom.CodeDomCompileErrorExceptionMembers.html
Kodama.Script.Engine.CodeDom.CodeDomCompileErrorExceptionConstructor.html
Kodama.Script.Engine.CodeDom.CodeDomCompileErrorExceptionMethods.html
Kodama.Script.Engine.CodeDom.CodeDomCompileErrorException.GetCompileErrorInfos.html
Kodama.Script.Engine.CodeDom.CSharpScript.html
Kodama.Script.Engine.CodeDom.CSharpScriptHierarchy.html
Kodama.Script.Engine.CodeDom.CSharpScript.CSharpScriptEngine.html
Kodama.Script.Engine.CodeDom.CSharpScript.CSharpScriptEngineMembers.html
Kodama.Script.Engine.CodeDom.CSharpScript.CSharpScriptEngineConstructor.html
Kodama.Script.Engine.CodeDom.CSharpScript.CSharpScriptEngineProperties.html
Kodama.Script.Engine.CodeDom.CSharpScript.CSharpScriptEngine.GenerateDebugInfo.html
Kodama.Script.Engine.CodeDom.CSharpScript.CSharpScriptEngine.ScriptAssembly.html
Kodama.Script.Engine.CodeDom.CSharpScript.CSharpScriptEngineMethods.html
Kodama.Script.Engine.CodeDom.CSharpScript.CSharpScriptEngine.AddGlobalIntstance.html
Kodama.Script.Engine.CodeDom.CSharpScript.CSharpScriptEngine.AddReference.html
Kodama.Script.Engine.CodeDom.CSharpScript.CSharpScriptEngine.AddScriptCodeFromFile.html
Kodama.Script.Engine.CodeDom.CSharpScript.CSharpScriptEngine.AddScriptCodeFromText.html
Kodama.Script.Engine.CodeDom.CSharpScript.CSharpScriptEngine.Close.html
Kodama.Script.Engine.CodeDom.CSharpScript.CSharpScriptEngine.Compile.html
Kodama.Script.Engine.CodeDom.CSharpScript.CSharpScriptEngine.Run.html
Kodama.Script.Engine.CodeDom.CSharpScript.CSharpScriptEngine.Stop.html
Kodama.Script.Engine.CodeDom.CSharpScript.CSharpScriptEngineFactory.html
Kodama.Script.Engine.CodeDom.CSharpScript.CSharpScriptEngineFactoryMembers.html
Kodama.Script.Engine.CodeDom.CSharpScript.CSharpScriptEngineFactoryConstructor.html
Kodama.Script.Engine.CodeDom.CSharpScript.CSharpScriptEngineFactoryMethods.html
Kodama.Script.Engine.CodeDom.CSharpScript.CSharpScriptEngineFactory.CanCompile.html
Kodama.Script.Engine.CodeDom.CSharpScript.CSharpScriptEngineFactory.Create.html
Kodama.Script.Engine.CodeDom.CSharpScript.CSharpScriptEngineFactory.CreateFromFile.html
Kodama.Script.Engine.CodeDom.JScript.html
Kodama.Script.Engine.CodeDom.JScriptHierarchy.html
Kodama.Script.Engine.CodeDom.JScript.JScriptEngine.html
Kodama.Script.Engine.CodeDom.JScript.JScriptEngineMembers.html
Kodama.Script.Engine.CodeDom.JScript.JScriptEngineConstructor.html
Kodama.Script.Engine.CodeDom.JScript.JScriptEngineProperties.html
Kodama.Script.Engine.CodeDom.JScript.JScriptEngine.GenerateDebugInfo.html
Kodama.Script.Engine.CodeDom.JScript.JScriptEngine.ScriptAssembly.html
Kodama.Script.Engine.CodeDom.JScript.JScriptEngineMethods.html
Kodama.Script.Engine.CodeDom.JScript.JScriptEngine.AddGlobalIntstance.html
Kodama.Script.Engine.CodeDom.JScript.JScriptEngine.AddReference.html
Kodama.Script.Engine.CodeDom.JScript.JScriptEngine.AddScriptCodeFromFile.html
Kodama.Script.Engine.CodeDom.JScript.JScriptEngine.AddScriptCodeFromText.html
Kodama.Script.Engine.CodeDom.JScript.JScriptEngine.Close.html
Kodama.Script.Engine.CodeDom.JScript.JScriptEngine.Compile.html
Kodama.Script.Engine.CodeDom.JScript.JScriptEngine.Run.html
Kodama.Script.Engine.CodeDom.JScript.JScriptEngine.Stop.html
Kodama.Script.Engine.CodeDom.JScript.JScriptEngineFactory.html
Kodama.Script.Engine.CodeDom.JScript.JScriptEngineFactoryMembers.html
Kodama.Script.Engine.CodeDom.JScript.JScriptEngineFactoryConstructor.html
Kodama.Script.Engine.CodeDom.JScript.JScriptEngineFactoryMethods.html
Kodama.Script.Engine.CodeDom.JScript.JScriptEngineFactory.CanCompile.html
Kodama.Script.Engine.CodeDom.JScript.JScriptEngineFactory.Create.html
Kodama.Script.Engine.CodeDom.JScript.JScriptEngineFactory.CreateFromFile.html
Kodama.Script.Engine.CodeDom.VBScript.html
Kodama.Script.Engine.CodeDom.VBScriptHierarchy.html
Kodama.Script.Engine.CodeDom.VBScript.VBScriptEngine.html
Kodama.Script.Engine.CodeDom.VBScript.VBScriptEngineMembers.html
Kodama.Script.Engine.CodeDom.VBScript.VBScriptEngineConstructor.html
Kodama.Script.Engine.CodeDom.VBScript.VBScriptEngineProperties.html
Kodama.Script.Engine.CodeDom.VBScript.VBScriptEngine.GenerateDebugInfo.html
Kodama.Script.Engine.CodeDom.VBScript.VBScriptEngine.ScriptAssembly.html
Kodama.Script.Engine.CodeDom.VBScript.VBScriptEngineMethods.html
Kodama.Script.Engine.CodeDom.VBScript.VBScriptEngine.AddGlobalIntstance.html
Kodama.Script.Engine.CodeDom.VBScript.VBScriptEngine.AddReference.html
Kodama.Script.Engine.CodeDom.VBScript.VBScriptEngine.AddScriptCodeFromFile.html
Kodama.Script.Engine.CodeDom.VBScript.VBScriptEngine.AddScriptCodeFromText.html
Kodama.Script.Engine.CodeDom.VBScript.VBScriptEngine.Close.html
Kodama.Script.Engine.CodeDom.VBScript.VBScriptEngine.Compile.html
Kodama.Script.Engine.CodeDom.VBScript.VBScriptEngine.Run.html
Kodama.Script.Engine.CodeDom.VBScript.VBScriptEngine.Stop.html
Kodama.Script.Engine.CodeDom.VBScript.VBScriptEngineFactory.html
Kodama.Script.Engine.CodeDom.VBScript.VBScriptEngineFactoryMembers.html
Kodama.Script.Engine.CodeDom.VBScript.VBScriptEngineFactoryConstructor.html
Kodama.Script.Engine.CodeDom.VBScript.VBScriptEngineFactoryMethods.html
Kodama.Script.Engine.CodeDom.VBScript.VBScriptEngineFactory.CanCompile.html
Kodama.Script.Engine.CodeDom.VBScript.VBScriptEngineFactory.Create.html
Kodama.Script.Engine.CodeDom.VBScript.VBScriptEngineFactory.CreateFromFile.html
Kodama.Script.Engine.Vsa.html
Kodama.Script.Engine.VsaHierarchy.html
Kodama.Script.Engine.Vsa.VsaCompileErrorException.html
Kodama.Script.Engine.Vsa.VsaCompileErrorExceptionMembers.html
Kodama.Script.Engine.Vsa.VsaCompileErrorExceptionConstructor.html
Kodama.Script.Engine.Vsa.VsaCompileErrorExceptionMethods.html
Kodama.Script.Engine.Vsa.VsaCompileErrorException.GetCompileErrorInfos.html
Kodama.Script.Engine.Vsa.JScript.html
Kodama.Script.Engine.Vsa.JScriptHierarchy.html
Kodama.Script.Engine.Vsa.JScript.JScriptEngine.html
Kodama.Script.Engine.Vsa.JScript.JScriptEngineMembers.html
Kodama.Script.Engine.Vsa.JScript.JScriptEngineConstructor.html
Kodama.Script.Engine.Vsa.JScript.JScriptEngineProperties.html
Kodama.Script.Engine.Vsa.JScript.JScriptEngine.GenerateDebugInfo.html
Kodama.Script.Engine.Vsa.JScript.JScriptEngine.ScriptAssembly.html
Kodama.Script.Engine.Vsa.JScript.JScriptEngineMethods.html
Kodama.Script.Engine.Vsa.JScript.JScriptEngine.AddGlobalIntstance.html
Kodama.Script.Engine.Vsa.JScript.JScriptEngine.AddReference.html
Kodama.Script.Engine.Vsa.JScript.JScriptEngine.AddScriptCodeFromFile.html
Kodama.Script.Engine.Vsa.JScript.JScriptEngine.AddScriptCodeFromText.html
Kodama.Script.Engine.Vsa.JScript.JScriptEngine.Close.html
Kodama.Script.Engine.Vsa.JScript.JScriptEngine.Compile.html
Kodama.Script.Engine.Vsa.JScript.JScriptEngine.Run.html
Kodama.Script.Engine.Vsa.JScript.JScriptEngine.Stop.html
Kodama.Script.Engine.Vsa.JScript.JScriptEngineFactory.html
Kodama.Script.Engine.Vsa.JScript.JScriptEngineFactoryMembers.html
Kodama.Script.Engine.Vsa.JScript.JScriptEngineFactoryConstructor.html
Kodama.Script.Engine.Vsa.JScript.JScriptEngineFactoryMethods.html
Kodama.Script.Engine.Vsa.JScript.JScriptEngineFactory.CanCompile.html
Kodama.Script.Engine.Vsa.JScript.JScriptEngineFactory.Create.html
Kodama.Script.Engine.Vsa.JScript.JScriptEngineFactory.CreateFromFile.html
Kodama.Script.Engine.Vsa.VBScript.html
Kodama.Script.Engine.Vsa.VBScriptHierarchy.html
Kodama.Script.Engine.Vsa.VBScript.VBScriptEngine.html
Kodama.Script.Engine.Vsa.VBScript.VBScriptEngineMembers.html
Kodama.Script.Engine.Vsa.VBScript.VBScriptEngineConstructor.html
Kodama.Script.Engine.Vsa.VBScript.VBScriptEngineProperties.html
Kodama.Script.Engine.Vsa.VBScript.VBScriptEngine.GenerateDebugInfo.html
Kodama.Script.Engine.Vsa.VBScript.VBScriptEngine.ScriptAssembly.html
Kodama.Script.Engine.Vsa.VBScript.VBScriptEngineMethods.html
Kodama.Script.Engine.Vsa.VBScript.VBScriptEngine.AddGlobalIntstance.html
Kodama.Script.Engine.Vsa.VBScript.VBScriptEngine.AddReference.html
Kodama.Script.Engine.Vsa.VBScript.VBScriptEngine.AddScriptCodeFromFile.html
Kodama.Script.Engine.Vsa.VBScript.VBScriptEngine.AddScriptCodeFromText.html
Kodama.Script.Engine.Vsa.VBScript.VBScriptEngine.Close.html
Kodama.Script.Engine.Vsa.VBScript.VBScriptEngine.Compile.html
Kodama.Script.Engine.Vsa.VBScript.VBScriptEngine.Run.html
Kodama.Script.Engine.Vsa.VBScript.VBScriptEngine.Stop.html
Kodama.Script.Engine.Vsa.VBScript.VBScriptEngineFactory.html
Kodama.Script.Engine.Vsa.VBScript.VBScriptEngineFactoryMembers.html
Kodama.Script.Engine.Vsa.VBScript.VBScriptEngineFactoryConstructor.html
Kodama.Script.Engine.Vsa.VBScript.VBScriptEngineFactoryMethods.html
Kodama.Script.Engine.Vsa.VBScript.VBScriptEngineFactory.CanCompile.html
Kodama.Script.Engine.Vsa.VBScript.VBScriptEngineFactory.Create.html
Kodama.Script.Engine.Vsa.VBScript.VBScriptEngineFactory.CreateFromFile.html
Kodama.Script.Expression.html
Kodama.Script.ExpressionHierarchy.html
Kodama.Script.Expression.Evaluator.html
Kodama.Script.Expression.EvaluatorMembers.html
Kodama.Script.Expression.EvaluatorConstructor.html
Kodama.Script.Expression.EvaluatorMethods.html
Kodama.Script.Expression.Evaluator.Eval_overloads.html
Kodama.Script.Expression.Evaluator.Eval_overload_2.html
Kodama.Script.Expression.Evaluator.Eval_overload_1.html
Kodama.Script.Factory.html
Kodama.Script.FactoryHierarchy.html
Kodama.Script.Factory.IScriptEngineFactory.html
Kodama.Script.Factory.IScriptEngineFactoryMembers.html
Kodama.Script.Factory.IScriptEngineFactoryMethods.html
Kodama.Script.Factory.IScriptEngineFactory.CanCompile.html
Kodama.Script.Factory.IScriptEngineFactory.Create.html
Kodama.Script.Factory.IScriptEngineFactory.CreateFromFile.html
Kodama.Script.Factory.NotSupportedScriptException.html
Kodama.Script.Factory.NotSupportedScriptExceptionMembers.html
Kodama.Script.Factory.NotSupportedScriptExceptionConstructor.html
Generating HTML content file...
transform the HHC contents file into html
Compiling HTML Help file...
Compiling Html Help file
Microsoft HTML Help Compiler 4.74.8702

Compiling c:\eclipse\workspace\Kodama\doc\ndoc_msdn_temp\Kodama.chm


Compile time: 0 minutes, 7 seconds
816	Topics
5,553	Local links
80	Internet links
11	Graphics


Created c:\eclipse\workspace\Kodama\doc\ndoc_msdn_temp\Kodama.chm, 558,384 bytes
Compression decreased file by 2,203,458 bytes.

Html Help compile complete
Done.
